[0.017s] Invoking command in '/home/saeed-ismail/ros2_ws/build/cpp_pubsub': CMAKE_PREFIX_PATH=${CMAKE_PREFIX_PATH}:/opt/ros/jazzy DEBUGINFOD_URLS=https://debuginfod.ubuntu.com /usr/bin/cmake --build /home/saeed-ismail/ros2_ws/build/cpp_pubsub -- -j8 -l8
[0.080s] -- Found ament_cmake: 2.5.5 (/opt/ros/jazzy/share/ament_cmake/cmake)
[0.417s] -- Found rclcpp: 28.1.16 (/opt/ros/jazzy/share/rclcpp/cmake)
[0.454s] -- Found rosidl_generator_c: 4.6.7 (/opt/ros/jazzy/share/rosidl_generator_c/cmake)
[0.468s] -- Found rosidl_generator_cpp: 4.6.7 (/opt/ros/jazzy/share/rosidl_generator_cpp/cmake)
[0.486s] -- Using all available rosidl_typesupport_c: rosidl_typesupport_fastrtps_c;rosidl_typesupport_introspection_c
[0.509s] -- Using all available rosidl_typesupport_cpp: rosidl_typesupport_fastrtps_cpp;rosidl_typesupport_introspection_cpp
[0.634s] -- Found rmw_implementation_cmake: 7.3.3 (/opt/ros/jazzy/share/rmw_implementation_cmake/cmake)
[0.637s] -- Found rmw_fastrtps_cpp: 8.4.3 (/opt/ros/jazzy/share/rmw_fastrtps_cpp/cmake)
[0.715s] -- Using RMW implementation 'rmw_fastrtps_cpp' as default
[0.802s] -- Found std_msgs: 5.3.6 (/opt/ros/jazzy/share/std_msgs/cmake)
[0.826s] -- Found ament_lint_auto: 0.17.4 (/opt/ros/jazzy/share/ament_lint_auto/cmake)
[0.959s] -- Added test 'cppcheck' to perform static code analysis on C / C++ code
[0.960s] -- Configured cppcheck include dirs: 
[0.960s] -- Configured cppcheck exclude dirs and/or files: 
[0.961s] -- Added test 'lint_cmake' to check CMake code style
[0.963s] -- Added test 'uncrustify' to check C / C++ code style
[0.963s] -- Configured uncrustify additional arguments: 
[0.964s] -- Added test 'xmllint' to check XML markup files
[0.966s] -- Configuring done (0.9s)
[0.985s] -- Generating done (0.0s)
[0.993s] -- Build files have been written to: /home/saeed-ismail/ros2_ws/build/cpp_pubsub
[1.045s] [ 50%] [32mBuilding CXX object CMakeFiles/distance_talker.dir/src/distance_publisher.cpp.o[0m
[5.572s] [100%] [32m[1mLinking CXX executable distance_talker[0m
[5.812s] [100%] Built target distance_talker
[5.824s] Invoked command in '/home/saeed-ismail/ros2_ws/build/cpp_pubsub' returned '0': CMAKE_PREFIX_PATH=${CMAKE_PREFIX_PATH}:/opt/ros/jazzy DEBUGINFOD_URLS=https://debuginfod.ubuntu.com /usr/bin/cmake --build /home/saeed-ismail/ros2_ws/build/cpp_pubsub -- -j8 -l8
[5.836s] Invoking command in '/home/saeed-ismail/ros2_ws/build/cpp_pubsub': CMAKE_PREFIX_PATH=${CMAKE_PREFIX_PATH}:/opt/ros/jazzy DEBUGINFOD_URLS=https://debuginfod.ubuntu.com /usr/bin/cmake --install /home/saeed-ismail/ros2_ws/build/cpp_pubsub
[5.845s] -- Install configuration: ""
[5.845s] -- Installing: /home/saeed-ismail/ros2_ws/install/cpp_pubsub/lib/cpp_pubsub/distance_talker
[5.846s] -- Set non-toolchain portion of runtime path of "/home/saeed-ismail/ros2_ws/install/cpp_pubsub/lib/cpp_pubsub/distance_talker" to ""
[5.846s] -- Up-to-date: /home/saeed-ismail/ros2_ws/install/cpp_pubsub/share/ament_index/resource_index/package_run_dependencies/cpp_pubsub
[5.846s] -- Up-to-date: /home/saeed-ismail/ros2_ws/install/cpp_pubsub/share/ament_index/resource_index/parent_prefix_path/cpp_pubsub
[5.846s] -- Up-to-date: /home/saeed-ismail/ros2_ws/install/cpp_pubsub/share/cpp_pubsub/environment/ament_prefix_path.sh
[5.847s] -- Up-to-date: /home/saeed-ismail/ros2_ws/install/cpp_pubsub/share/cpp_pubsub/environment/ament_prefix_path.dsv
[5.847s] -- Up-to-date: /home/saeed-ismail/ros2_ws/install/cpp_pubsub/share/cpp_pubsub/environment/path.sh
[5.847s] -- Up-to-date: /home/saeed-ismail/ros2_ws/install/cpp_pubsub/share/cpp_pubsub/environment/path.dsv
[5.847s] -- Up-to-date: /home/saeed-ismail/ros2_ws/install/cpp_pubsub/share/cpp_pubsub/local_setup.bash
[5.847s] -- Up-to-date: /home/saeed-ismail/ros2_ws/install/cpp_pubsub/share/cpp_pubsub/local_setup.sh
[5.848s] -- Up-to-date: /home/saeed-ismail/ros2_ws/install/cpp_pubsub/share/cpp_pubsub/local_setup.zsh
[5.848s] -- Up-to-date: /home/saeed-ismail/ros2_ws/install/cpp_pubsub/share/cpp_pubsub/local_setup.dsv
[5.848s] -- Up-to-date: /home/saeed-ismail/ros2_ws/install/cpp_pubsub/share/cpp_pubsub/package.dsv
[5.848s] -- Up-to-date: /home/saeed-ismail/ros2_ws/install/cpp_pubsub/share/ament_index/resource_index/packages/cpp_pubsub
[5.849s] -- Up-to-date: /home/saeed-ismail/ros2_ws/install/cpp_pubsub/share/cpp_pubsub/cmake/cpp_pubsubConfig.cmake
[5.850s] -- Up-to-date: /home/saeed-ismail/ros2_ws/install/cpp_pubsub/share/cpp_pubsub/cmake/cpp_pubsubConfig-version.cmake
[5.850s] -- Installing: /home/saeed-ismail/ros2_ws/install/cpp_pubsub/share/cpp_pubsub/package.xml
[5.850s] Invoked command in '/home/saeed-ismail/ros2_ws/build/cpp_pubsub' returned '0': CMAKE_PREFIX_PATH=${CMAKE_PREFIX_PATH}:/opt/ros/jazzy DEBUGINFOD_URLS=https://debuginfod.ubuntu.com /usr/bin/cmake --install /home/saeed-ismail/ros2_ws/build/cpp_pubsub
