[0.012s] Invoking command in '/home/saeed-ismail/ros2_ws/build/cpp_pubsub': CMAKE_PREFIX_PATH=${CMAKE_PREFIX_PATH}:/opt/ros/jazzy DEBUGINFOD_URLS=https://debuginfod.ubuntu.com /usr/bin/cmake --build /home/saeed-ismail/ros2_ws/build/cpp_pubsub -- -j8 -l8
[0.144s] [ 50%] [32mBuilding CXX object CMakeFiles/distance_publisher.dir/src/distance_publisher.cpp.o[0m
[4.625s] [100%] [32m[1mLinking CXX executable distance_publisher[0m
[4.838s] [100%] Built target distance_publisher
[4.847s] Invoked command in '/home/saeed-ismail/ros2_ws/build/cpp_pubsub' returned '0': CMAKE_PREFIX_PATH=${CMAKE_PREFIX_PATH}:/opt/ros/jazzy DEBUGINFOD_URLS=https://debuginfod.ubuntu.com /usr/bin/cmake --build /home/saeed-ismail/ros2_ws/build/cpp_pubsub -- -j8 -l8
[4.860s] Invoking command in '/home/saeed-ismail/ros2_ws/build/cpp_pubsub': CMAKE_PREFIX_PATH=${CMAKE_PREFIX_PATH}:/opt/ros/jazzy DEBUGINFOD_URLS=https://debuginfod.ubuntu.com /usr/bin/cmake --install /home/saeed-ismail/ros2_ws/build/cpp_pubsub
[4.874s] -- Install configuration: ""
[4.876s] -- Installing: /home/saeed-ismail/ros2_ws/install/cpp_pubsub/lib/cpp_pubsub/distance_publisher
[4.877s] -- Set non-toolchain portion of runtime path of "/home/saeed-ismail/ros2_ws/install/cpp_pubsub/lib/cpp_pubsub/distance_publisher" to ""
[4.877s] -- Up-to-date: /home/saeed-ismail/ros2_ws/install/cpp_pubsub/share/ament_index/resource_index/package_run_dependencies/cpp_pubsub
[4.878s] -- Up-to-date: /home/saeed-ismail/ros2_ws/install/cpp_pubsub/share/ament_index/resource_index/parent_prefix_path/cpp_pubsub
[4.878s] -- Up-to-date: /home/saeed-ismail/ros2_ws/install/cpp_pubsub/share/cpp_pubsub/environment/ament_prefix_path.sh
[4.878s] -- Up-to-date: /home/saeed-ismail/ros2_ws/install/cpp_pubsub/share/cpp_pubsub/environment/ament_prefix_path.dsv
[4.878s] -- Up-to-date: /home/saeed-ismail/ros2_ws/install/cpp_pubsub/share/cpp_pubsub/environment/path.sh
[4.878s] -- Up-to-date: /home/saeed-ismail/ros2_ws/install/cpp_pubsub/share/cpp_pubsub/environment/path.dsv
[4.878s] -- Up-to-date: /home/saeed-ismail/ros2_ws/install/cpp_pubsub/share/cpp_pubsub/local_setup.bash
[4.879s] -- Up-to-date: /home/saeed-ismail/ros2_ws/install/cpp_pubsub/share/cpp_pubsub/local_setup.sh
[4.879s] -- Up-to-date: /home/saeed-ismail/ros2_ws/install/cpp_pubsub/share/cpp_pubsub/local_setup.zsh
[4.879s] -- Up-to-date: /home/saeed-ismail/ros2_ws/install/cpp_pubsub/share/cpp_pubsub/local_setup.dsv
[4.879s] -- Installing: /home/saeed-ismail/ros2_ws/install/cpp_pubsub/share/cpp_pubsub/package.dsv
[4.879s] -- Up-to-date: /home/saeed-ismail/ros2_ws/install/cpp_pubsub/share/ament_index/resource_index/packages/cpp_pubsub
[4.879s] -- Up-to-date: /home/saeed-ismail/ros2_ws/install/cpp_pubsub/share/cpp_pubsub/cmake/cpp_pubsubConfig.cmake
[4.879s] -- Up-to-date: /home/saeed-ismail/ros2_ws/install/cpp_pubsub/share/cpp_pubsub/cmake/cpp_pubsubConfig-version.cmake
[4.880s] -- Up-to-date: /home/saeed-ismail/ros2_ws/install/cpp_pubsub/share/cpp_pubsub/package.xml
[4.882s] Invoked command in '/home/saeed-ismail/ros2_ws/build/cpp_pubsub' returned '0': CMAKE_PREFIX_PATH=${CMAKE_PREFIX_PATH}:/opt/ros/jazzy DEBUGINFOD_URLS=https://debuginfod.ubuntu.com /usr/bin/cmake --install /home/saeed-ismail/ros2_ws/build/cpp_pubsub
