[0.007s] Invoking command in '/home/saeed-ismail/ros2_ws/build/cpp_pubsub': CMAKE_PREFIX_PATH=${CMAKE_PREFIX_PATH}:/opt/ros/jazzy DEBUGINFOD_URLS=https://debuginfod.ubuntu.com /usr/bin/cmake --build /home/saeed-ismail/ros2_ws/build/cpp_pubsub -- -j8 -l8
[0.042s] [ 50%] [32mBuilding CXX object CMakeFiles/distance_publisher.dir/src/distance_publisher.cpp.o[0m
[2.915s] [100%] [32m[1mLinking CXX executable distance_publisher[0m
[3.047s] [100%] Built target distance_publisher
[3.057s] Invoked command in '/home/saeed-ismail/ros2_ws/build/cpp_pubsub' returned '0': CMAKE_PREFIX_PATH=${CMAKE_PREFIX_PATH}:/opt/ros/jazzy DEBUGINFOD_URLS=https://debuginfod.ubuntu.com /usr/bin/cmake --build /home/saeed-ismail/ros2_ws/build/cpp_pubsub -- -j8 -l8
[3.064s] Invoking command in '/home/saeed-ismail/ros2_ws/build/cpp_pubsub': CMAKE_PREFIX_PATH=${CMAKE_PREFIX_PATH}:/opt/ros/jazzy DEBUGINFOD_URLS=https://debuginfod.ubuntu.com /usr/bin/cmake --install /home/saeed-ismail/ros2_ws/build/cpp_pubsub
[3.069s] -- Install configuration: ""
[3.069s] -- Installing: /home/saeed-ismail/ros2_ws/install/cpp_pubsub/lib/cpp_pubsub/distance_publisher
[3.070s] -- Set non-toolchain portion of runtime path of "/home/saeed-ismail/ros2_ws/install/cpp_pubsub/lib/cpp_pubsub/distance_publisher" to ""
[3.070s] -- Up-to-date: /home/saeed-ismail/ros2_ws/install/cpp_pubsub/share/ament_index/resource_index/package_run_dependencies/cpp_pubsub
[3.070s] -- Up-to-date: /home/saeed-ismail/ros2_ws/install/cpp_pubsub/share/ament_index/resource_index/parent_prefix_path/cpp_pubsub
[3.070s] -- Up-to-date: /home/saeed-ismail/ros2_ws/install/cpp_pubsub/share/cpp_pubsub/environment/ament_prefix_path.sh
[3.070s] -- Up-to-date: /home/saeed-ismail/ros2_ws/install/cpp_pubsub/share/cpp_pubsub/environment/ament_prefix_path.dsv
[3.070s] -- Up-to-date: /home/saeed-ismail/ros2_ws/install/cpp_pubsub/share/cpp_pubsub/environment/path.sh
[3.070s] -- Up-to-date: /home/saeed-ismail/ros2_ws/install/cpp_pubsub/share/cpp_pubsub/environment/path.dsv
[3.070s] -- Up-to-date: /home/saeed-ismail/ros2_ws/install/cpp_pubsub/share/cpp_pubsub/local_setup.bash
[3.070s] -- Up-to-date: /home/saeed-ismail/ros2_ws/install/cpp_pubsub/share/cpp_pubsub/local_setup.sh
[3.071s] -- Up-to-date: /home/saeed-ismail/ros2_ws/install/cpp_pubsub/share/cpp_pubsub/local_setup.zsh
[3.071s] -- Up-to-date: /home/saeed-ismail/ros2_ws/install/cpp_pubsub/share/cpp_pubsub/local_setup.dsv
[3.071s] -- Installing: /home/saeed-ismail/ros2_ws/install/cpp_pubsub/share/cpp_pubsub/package.dsv
[3.071s] -- Up-to-date: /home/saeed-ismail/ros2_ws/install/cpp_pubsub/share/ament_index/resource_index/packages/cpp_pubsub
[3.071s] -- Up-to-date: /home/saeed-ismail/ros2_ws/install/cpp_pubsub/share/cpp_pubsub/cmake/cpp_pubsubConfig.cmake
[3.071s] -- Up-to-date: /home/saeed-ismail/ros2_ws/install/cpp_pubsub/share/cpp_pubsub/cmake/cpp_pubsubConfig-version.cmake
[3.071s] -- Up-to-date: /home/saeed-ismail/ros2_ws/install/cpp_pubsub/share/cpp_pubsub/package.xml
[3.072s] Invoked command in '/home/saeed-ismail/ros2_ws/build/cpp_pubsub' returned '0': CMAKE_PREFIX_PATH=${CMAKE_PREFIX_PATH}:/opt/ros/jazzy DEBUGINFOD_URLS=https://debuginfod.ubuntu.com /usr/bin/cmake --install /home/saeed-ismail/ros2_ws/build/cpp_pubsub
