[0.010s] Invoking command in '/home/saeed-ismail/ros2_ws/build/cpp_pubsub': CMAKE_PREFIX_PATH=${CMAKE_PREFIX_PATH}:/opt/ros/jazzy DEBUGINFOD_URLS=https://debuginfod.ubuntu.com /usr/bin/cmake /home/saeed-ismail/ros2_ws/src/cpp_pubsub -DCMAKE_INSTALL_PREFIX=/home/saeed-ismail/ros2_ws/install/cpp_pubsub
[0.094s] -- The C compiler identification is GNU 13.3.0
[0.158s] -- The CXX compiler identification is GNU 13.3.0
[0.171s] -- Detecting C compiler ABI info
[0.231s] -- Detecting C compiler ABI info - done
[0.238s] -- Check for working C compiler: /usr/bin/cc - skipped
[0.238s] -- Detecting C compile features
[0.238s] -- Detecting C compile features - done
[0.245s] -- Detecting CXX compiler ABI info
[0.313s] -- Detecting CXX compiler ABI info - done
[0.320s] -- Check for working CXX compiler: /usr/bin/c++ - skipped
[0.320s] -- Detecting CXX compile features
[0.320s] -- Detecting CXX compile features - done
[0.322s] -- Found ament_cmake: 2.5.5 (/opt/ros/jazzy/share/ament_cmake/cmake)
[0.414s] -- Found Python3: /usr/bin/python3 (found version "3.12.3") found components: Interpreter 
[0.484s] -- Found rclcpp: 28.1.16 (/opt/ros/jazzy/share/rclcpp/cmake)
[0.507s] -- Found rosidl_generator_c: 4.6.7 (/opt/ros/jazzy/share/rosidl_generator_c/cmake)
[0.515s] -- Found rosidl_generator_cpp: 4.6.7 (/opt/ros/jazzy/share/rosidl_generator_cpp/cmake)
[0.525s] -- Using all available rosidl_typesupport_c: rosidl_typesupport_fastrtps_c;rosidl_typesupport_introspection_c
[0.535s] -- Using all available rosidl_typesupport_cpp: rosidl_typesupport_fastrtps_cpp;rosidl_typesupport_introspection_cpp
[0.583s] -- Found rmw_implementation_cmake: 7.3.3 (/opt/ros/jazzy/share/rmw_implementation_cmake/cmake)
[0.584s] -- Found rmw_fastrtps_cpp: 8.4.3 (/opt/ros/jazzy/share/rmw_fastrtps_cpp/cmake)
[0.640s] -- Found OpenSSL: /usr/lib/x86_64-linux-gnu/libcrypto.so (found version "3.0.13")  
[0.654s] -- Found FastRTPS: /opt/ros/jazzy/include (Required is at least version "2.13") 
[0.669s] -- Using RMW implementation 'rmw_fastrtps_cpp' as default
[0.716s] -- Found std_msgs: 5.3.6 (/opt/ros/jazzy/share/std_msgs/cmake)
[0.725s] -- Found ament_lint_auto: 0.17.4 (/opt/ros/jazzy/share/ament_lint_auto/cmake)
[0.803s] -- Added test 'lint_cmake' to check CMake code style
[0.804s] -- Added test 'xmllint' to check XML markup files
[0.805s] -- Configuring done (0.8s)
[0.808s] -- Generating done (0.0s)
[0.810s] -- Build files have been written to: /home/saeed-ismail/ros2_ws/build/cpp_pubsub
[0.816s] Invoked command in '/home/saeed-ismail/ros2_ws/build/cpp_pubsub' returned '0': CMAKE_PREFIX_PATH=${CMAKE_PREFIX_PATH}:/opt/ros/jazzy DEBUGINFOD_URLS=https://debuginfod.ubuntu.com /usr/bin/cmake /home/saeed-ismail/ros2_ws/src/cpp_pubsub -DCMAKE_INSTALL_PREFIX=/home/saeed-ismail/ros2_ws/install/cpp_pubsub
[0.817s] Invoking command in '/home/saeed-ismail/ros2_ws/build/cpp_pubsub': CMAKE_PREFIX_PATH=${CMAKE_PREFIX_PATH}:/opt/ros/jazzy DEBUGINFOD_URLS=https://debuginfod.ubuntu.com /usr/bin/cmake --build /home/saeed-ismail/ros2_ws/build/cpp_pubsub -- -j8 -l8
[0.850s] Invoked command in '/home/saeed-ismail/ros2_ws/build/cpp_pubsub' returned '0': CMAKE_PREFIX_PATH=${CMAKE_PREFIX_PATH}:/opt/ros/jazzy DEBUGINFOD_URLS=https://debuginfod.ubuntu.com /usr/bin/cmake --build /home/saeed-ismail/ros2_ws/build/cpp_pubsub -- -j8 -l8
[0.859s] Invoking command in '/home/saeed-ismail/ros2_ws/build/cpp_pubsub': CMAKE_PREFIX_PATH=${CMAKE_PREFIX_PATH}:/opt/ros/jazzy DEBUGINFOD_URLS=https://debuginfod.ubuntu.com /usr/bin/cmake --install /home/saeed-ismail/ros2_ws/build/cpp_pubsub
[0.869s] -- Install configuration: ""
[0.869s] -- Installing: /home/saeed-ismail/ros2_ws/install/cpp_pubsub/share/ament_index/resource_index/package_run_dependencies/cpp_pubsub
[0.869s] -- Installing: /home/saeed-ismail/ros2_ws/install/cpp_pubsub/share/ament_index/resource_index/parent_prefix_path/cpp_pubsub
[0.870s] -- Installing: /home/saeed-ismail/ros2_ws/install/cpp_pubsub/share/cpp_pubsub/environment/ament_prefix_path.sh
[0.870s] -- Installing: /home/saeed-ismail/ros2_ws/install/cpp_pubsub/share/cpp_pubsub/environment/ament_prefix_path.dsv
[0.870s] -- Installing: /home/saeed-ismail/ros2_ws/install/cpp_pubsub/share/cpp_pubsub/environment/path.sh
[0.870s] -- Installing: /home/saeed-ismail/ros2_ws/install/cpp_pubsub/share/cpp_pubsub/environment/path.dsv
[0.870s] -- Installing: /home/saeed-ismail/ros2_ws/install/cpp_pubsub/share/cpp_pubsub/local_setup.bash
[0.870s] -- Installing: /home/saeed-ismail/ros2_ws/install/cpp_pubsub/share/cpp_pubsub/local_setup.sh
[0.870s] -- Installing: /home/saeed-ismail/ros2_ws/install/cpp_pubsub/share/cpp_pubsub/local_setup.zsh
[0.870s] -- Installing: /home/saeed-ismail/ros2_ws/install/cpp_pubsub/share/cpp_pubsub/local_setup.dsv
[0.871s] -- Installing: /home/saeed-ismail/ros2_ws/install/cpp_pubsub/share/cpp_pubsub/package.dsv
[0.871s] -- Installing: /home/saeed-ismail/ros2_ws/install/cpp_pubsub/share/ament_index/resource_index/packages/cpp_pubsub
[0.871s] -- Installing: /home/saeed-ismail/ros2_ws/install/cpp_pubsub/share/cpp_pubsub/cmake/cpp_pubsubConfig.cmake
[0.871s] -- Installing: /home/saeed-ismail/ros2_ws/install/cpp_pubsub/share/cpp_pubsub/cmake/cpp_pubsubConfig-version.cmake
[0.871s] -- Installing: /home/saeed-ismail/ros2_ws/install/cpp_pubsub/share/cpp_pubsub/package.xml
[0.873s] Invoked command in '/home/saeed-ismail/ros2_ws/build/cpp_pubsub' returned '0': CMAKE_PREFIX_PATH=${CMAKE_PREFIX_PATH}:/opt/ros/jazzy DEBUGINFOD_URLS=https://debuginfod.ubuntu.com /usr/bin/cmake --install /home/saeed-ismail/ros2_ws/build/cpp_pubsub
